<?xml version="1.0" encoding="UTF-8"?>
<coverage generated="1628362446">
  <project timestamp="1628362446">
    <file name="/home/runner/work/shooglypeg-valueobjects/shooglypeg-valueobjects/src/Domain/Currency.php">
      <class name="ShooglyPeg\Domain\Currency" namespace="global">
        <metrics complexity="3" methods="2" coveredmethods="2" conditionals="0" coveredconditionals="0" statements="5" coveredstatements="5" elements="7" coveredelements="7"/>
      </class>
      <line num="18" type="method" name="__construct" visibility="public" complexity="2" crap="2" count="2"/>
      <line num="20" type="stmt" count="2"/>
      <line num="21" type="stmt" count="1"/>
      <line num="24" type="stmt" count="1"/>
      <line num="25" type="stmt" count="1"/>
      <line num="30" type="method" name="symbol" visibility="public" complexity="1" crap="1" count="1"/>
      <line num="32" type="stmt" count="1"/>
      <metrics loc="34" ncloc="28" classes="1" methods="2" coveredmethods="2" conditionals="0" coveredconditionals="0" statements="5" coveredstatements="5" elements="7" coveredelements="7"/>
    </file>
    <file name="/home/runner/work/shooglypeg-valueobjects/shooglypeg-valueobjects/src/Domain/Email.php">
      <class name="ShooglyPeg\Domain\Email" namespace="global">
        <metrics complexity="2" methods="1" coveredmethods="1" conditionals="0" coveredconditionals="0" statements="4" coveredstatements="4" elements="5" coveredelements="5"/>
      </class>
      <line num="16" type="method" name="__construct" visibility="public" complexity="2" crap="2" count="2"/>
      <line num="18" type="stmt" count="2"/>
      <line num="19" type="stmt" count="1"/>
      <line num="22" type="stmt" count="1"/>
      <line num="23" type="stmt" count="1"/>
      <metrics loc="24" ncloc="20" classes="1" methods="1" coveredmethods="1" conditionals="0" coveredconditionals="0" statements="4" coveredstatements="4" elements="5" coveredelements="5"/>
    </file>
    <file name="/home/runner/work/shooglypeg-valueobjects/shooglypeg-valueobjects/src/Domain/Exceptions/InvalidCurrency.php">
      <class name="ShooglyPeg\Domain\Exceptions\InvalidCurrency" namespace="global">
        <metrics complexity="2" methods="2" coveredmethods="2" conditionals="0" coveredconditionals="0" statements="3" coveredstatements="3" elements="5" coveredelements="5"/>
      </class>
      <line num="14" type="method" name="__construct" visibility="private" complexity="1" crap="1" count="1"/>
      <line num="16" type="stmt" count="1"/>
      <line num="17" type="stmt" count="1"/>
      <line num="23" type="method" name="fromString" visibility="public" complexity="1" crap="1" count="1"/>
      <line num="25" type="stmt" count="1"/>
      <metrics loc="27" ncloc="20" classes="1" methods="2" coveredmethods="2" conditionals="0" coveredconditionals="0" statements="3" coveredstatements="3" elements="5" coveredelements="5"/>
    </file>
    <file name="/home/runner/work/shooglypeg-valueobjects/shooglypeg-valueobjects/src/Domain/Exceptions/InvalidEmail.php">
      <class name="ShooglyPeg\Domain\Exceptions\InvalidEmail" namespace="global">
        <metrics complexity="2" methods="2" coveredmethods="2" conditionals="0" coveredconditionals="0" statements="3" coveredstatements="3" elements="5" coveredelements="5"/>
      </class>
      <line num="14" type="method" name="__construct" visibility="private" complexity="1" crap="1" count="1"/>
      <line num="16" type="stmt" count="1"/>
      <line num="17" type="stmt" count="1"/>
      <line num="23" type="method" name="fromValue" visibility="public" complexity="1" crap="1" count="1"/>
      <line num="25" type="stmt" count="1"/>
      <metrics loc="27" ncloc="20" classes="1" methods="2" coveredmethods="2" conditionals="0" coveredconditionals="0" statements="3" coveredstatements="3" elements="5" coveredelements="5"/>
    </file>
    <file name="/home/runner/work/shooglypeg-valueobjects/shooglypeg-valueobjects/src/Domain/Exceptions/InvalidLatitude.php">
      <class name="ShooglyPeg\Domain\Exceptions\InvalidLatitude" namespace="global">
        <metrics complexity="2" methods="2" coveredmethods="2" conditionals="0" coveredconditionals="0" statements="3" coveredstatements="3" elements="5" coveredelements="5"/>
      </class>
      <line num="14" type="method" name="__construct" visibility="private" complexity="1" crap="1" count="2"/>
      <line num="16" type="stmt" count="2"/>
      <line num="17" type="stmt" count="2"/>
      <line num="23" type="method" name="fromValue" visibility="public" complexity="1" crap="1" count="2"/>
      <line num="25" type="stmt" count="2"/>
      <metrics loc="27" ncloc="20" classes="1" methods="2" coveredmethods="2" conditionals="0" coveredconditionals="0" statements="3" coveredstatements="3" elements="5" coveredelements="5"/>
    </file>
    <file name="/home/runner/work/shooglypeg-valueobjects/shooglypeg-valueobjects/src/Domain/Exceptions/InvalidLongitude.php">
      <class name="ShooglyPeg\Domain\Exceptions\InvalidLongitude" namespace="global">
        <metrics complexity="2" methods="2" coveredmethods="2" conditionals="0" coveredconditionals="0" statements="3" coveredstatements="3" elements="5" coveredelements="5"/>
      </class>
      <line num="14" type="method" name="__construct" visibility="private" complexity="1" crap="1" count="2"/>
      <line num="16" type="stmt" count="2"/>
      <line num="17" type="stmt" count="2"/>
      <line num="23" type="method" name="fromValue" visibility="public" complexity="1" crap="1" count="2"/>
      <line num="25" type="stmt" count="2"/>
      <metrics loc="27" ncloc="20" classes="1" methods="2" coveredmethods="2" conditionals="0" coveredconditionals="0" statements="3" coveredstatements="3" elements="5" coveredelements="5"/>
    </file>
    <file name="/home/runner/work/shooglypeg-valueobjects/shooglypeg-valueobjects/src/Domain/Exceptions/InvalidPassword.php">
      <class name="ShooglyPeg\Domain\Exceptions\InvalidPassword" namespace="global">
        <metrics complexity="1" methods="1" coveredmethods="1" conditionals="0" coveredconditionals="0" statements="2" coveredstatements="2" elements="3" coveredelements="3"/>
      </class>
      <line num="11" type="method" name="__construct" visibility="public" complexity="1" crap="1" count="5"/>
      <line num="13" type="stmt" count="5"/>
      <line num="14" type="stmt" count="5"/>
      <metrics loc="15" ncloc="15" classes="1" methods="1" coveredmethods="1" conditionals="0" coveredconditionals="0" statements="2" coveredstatements="2" elements="3" coveredelements="3"/>
    </file>
    <file name="/home/runner/work/shooglypeg-valueobjects/shooglypeg-valueobjects/src/Domain/Exceptions/InvalidTypeForCollection.php">
      <class name="ShooglyPeg\Domain\Exceptions\InvalidTypeForCollection" namespace="global">
        <metrics complexity="2" methods="2" coveredmethods="2" conditionals="0" coveredconditionals="0" statements="3" coveredstatements="3" elements="5" coveredelements="5"/>
      </class>
      <line num="14" type="method" name="__construct" visibility="private" complexity="1" crap="1" count="1"/>
      <line num="16" type="stmt" count="1"/>
      <line num="17" type="stmt" count="1"/>
      <line num="23" type="method" name="fromClass" visibility="public" complexity="1" crap="1" count="1"/>
      <line num="25" type="stmt" count="1"/>
      <metrics loc="27" ncloc="20" classes="1" methods="2" coveredmethods="2" conditionals="0" coveredconditionals="0" statements="3" coveredstatements="3" elements="5" coveredelements="5"/>
    </file>
    <file name="/home/runner/work/shooglypeg-valueobjects/shooglypeg-valueobjects/src/Domain/IntValue.php">
      <class name="ShooglyPeg\Domain\IntValue" namespace="global">
        <metrics complexity="4" methods="4" coveredmethods="4" conditionals="0" coveredconditionals="0" statements="5" coveredstatements="5" elements="9" coveredelements="9"/>
      </class>
      <line num="19" type="method" name="__construct" visibility="public" complexity="1" crap="1" count="1"/>
      <line num="21" type="stmt" count="1"/>
      <line num="22" type="stmt" count="1"/>
      <line num="27" type="method" name="value" visibility="public" complexity="1" crap="1" count="1"/>
      <line num="29" type="stmt" count="1"/>
      <line num="35" type="method" name="__toString" visibility="public" complexity="1" crap="1" count="1"/>
      <line num="37" type="stmt" count="1"/>
      <line num="43" type="method" name="jsonSerialize" visibility="public" complexity="1" crap="1" count="1"/>
      <line num="45" type="stmt" count="1"/>
      <metrics loc="47" ncloc="32" classes="1" methods="4" coveredmethods="4" conditionals="0" coveredconditionals="0" statements="5" coveredstatements="5" elements="9" coveredelements="9"/>
    </file>
    <file name="/home/runner/work/shooglypeg-valueobjects/shooglypeg-valueobjects/src/Domain/LatLng.php">
      <class name="ShooglyPeg\Domain\LatLng" namespace="global">
        <metrics complexity="11" methods="7" coveredmethods="7" conditionals="0" coveredconditionals="0" statements="15" coveredstatements="15" elements="22" coveredelements="22"/>
      </class>
      <line num="29" type="method" name="__construct" visibility="public" complexity="5" crap="5" count="5"/>
      <line num="31" type="stmt" count="5"/>
      <line num="32" type="stmt" count="2"/>
      <line num="35" type="stmt" count="3"/>
      <line num="36" type="stmt" count="2"/>
      <line num="39" type="stmt" count="1"/>
      <line num="40" type="stmt" count="1"/>
      <line num="41" type="stmt" count="1"/>
      <line num="46" type="method" name="lat" visibility="public" complexity="1" crap="1" count="1"/>
      <line num="48" type="stmt" count="1"/>
      <line num="54" type="method" name="lng" visibility="public" complexity="1" crap="1" count="1"/>
      <line num="56" type="stmt" count="1"/>
      <line num="62" type="method" name="toArray" visibility="public" complexity="1" crap="1" count="1"/>
      <line num="65" type="stmt" count="1"/>
      <line num="66" type="stmt" count="1"/>
      <line num="73" type="method" name="__toString" visibility="public" complexity="1" crap="1" count="1"/>
      <line num="75" type="stmt" count="1"/>
      <line num="82" type="method" name="fromString" visibility="public" complexity="1" crap="1" count="5"/>
      <line num="84" type="stmt" count="5"/>
      <line num="86" type="stmt" count="5"/>
      <line num="92" type="method" name="jsonSerialize" visibility="public" complexity="1" crap="1" count="1"/>
      <line num="94" type="stmt" count="1"/>
      <metrics loc="96" ncloc="65" classes="1" methods="7" coveredmethods="7" conditionals="0" coveredconditionals="0" statements="15" coveredstatements="15" elements="22" coveredelements="22"/>
    </file>
    <file name="/home/runner/work/shooglypeg-valueobjects/shooglypeg-valueobjects/src/Domain/Name.php">
      <class name="ShooglyPeg\Domain\Name" namespace="global">
        <metrics complexity="3" methods="3" coveredmethods="3" conditionals="0" coveredconditionals="0" statements="3" coveredstatements="3" elements="6" coveredelements="6"/>
      </class>
      <line num="15" type="method" name="equals" visibility="public" complexity="1" crap="1" count="1"/>
      <line num="17" type="stmt" count="1"/>
      <line num="23" type="method" name="slug" visibility="public" complexity="1" crap="1" count="2"/>
      <line num="25" type="stmt" count="2"/>
      <line num="32" type="method" name="fromSlug" visibility="public" complexity="1" crap="1" count="1"/>
      <line num="34" type="stmt" count="1"/>
      <metrics loc="36" ncloc="25" classes="1" methods="3" coveredmethods="3" conditionals="0" coveredconditionals="0" statements="3" coveredstatements="3" elements="6" coveredelements="6"/>
    </file>
    <file name="/home/runner/work/shooglypeg-valueobjects/shooglypeg-valueobjects/src/Domain/Password.php">
      <class name="ShooglyPeg\Domain\Password" namespace="global">
        <metrics complexity="15" methods="9" coveredmethods="9" conditionals="0" coveredconditionals="0" statements="32" coveredstatements="32" elements="41" coveredelements="41"/>
      </class>
      <line num="38" type="method" name="__construct" visibility="public" complexity="2" crap="2" count="10"/>
      <line num="40" type="stmt" count="10"/>
      <line num="42" type="stmt" count="10"/>
      <line num="43" type="stmt" count="10"/>
      <line num="44" type="stmt" count="10"/>
      <line num="45" type="stmt" count="10"/>
      <line num="47" type="stmt" count="10"/>
      <line num="48" type="stmt" count="5"/>
      <line num="51" type="stmt" count="5"/>
      <line num="52" type="stmt" count="5"/>
      <line num="57" type="method" name="plain" visibility="public" complexity="1" crap="1" count="1"/>
      <line num="59" type="stmt" count="1"/>
      <line num="65" type="method" name="hash" visibility="public" complexity="1" crap="1" count="2"/>
      <line num="67" type="stmt" count="2"/>
      <line num="73" type="method" name="__toString" visibility="public" complexity="1" crap="1" count="1"/>
      <line num="75" type="stmt" count="1"/>
      <line num="82" type="method" name="checkLength" visibility="private" complexity="2" crap="2" count="10"/>
      <line num="84" type="stmt" count="10"/>
      <line num="85" type="stmt" count="1"/>
      <line num="87" type="stmt" count="10"/>
      <line num="93" type="method" name="checkUpperCase" visibility="private" complexity="2" crap="2" count="10"/>
      <line num="95" type="stmt" count="10"/>
      <line num="96" type="stmt" count="2"/>
      <line num="98" type="stmt" count="10"/>
      <line num="104" type="method" name="checkLowerCase" visibility="private" complexity="2" crap="2" count="10"/>
      <line num="106" type="stmt" count="10"/>
      <line num="107" type="stmt" count="2"/>
      <line num="109" type="stmt" count="10"/>
      <line num="115" type="method" name="checkSpecialCase" visibility="private" complexity="2" crap="2" count="10"/>
      <line num="117" type="stmt" count="10"/>
      <line num="118" type="stmt" count="1"/>
      <line num="120" type="stmt" count="10"/>
      <line num="126" type="method" name="generate" visibility="public" complexity="2" crap="2" count="1"/>
      <line num="129" type="stmt" count="1"/>
      <line num="130" type="stmt" count="1"/>
      <line num="131" type="stmt" count="1"/>
      <line num="133" type="stmt" count="1"/>
      <line num="135" type="stmt" count="1"/>
      <line num="136" type="stmt" count="1"/>
      <line num="139" type="stmt" count="1"/>
      <line num="141" type="stmt" count="1"/>
      <metrics loc="143" ncloc="104" classes="1" methods="9" coveredmethods="9" conditionals="0" coveredconditionals="0" statements="32" coveredstatements="32" elements="41" coveredelements="41"/>
    </file>
    <file name="/home/runner/work/shooglypeg-valueobjects/shooglypeg-valueobjects/src/Domain/PasswordHash.php">
      <class name="ShooglyPeg\Domain\PasswordHash" namespace="global">
        <metrics complexity="0" methods="0" coveredmethods="0" conditionals="0" coveredconditionals="0" statements="0" coveredstatements="0" elements="0" coveredelements="0"/>
      </class>
      <metrics loc="12" ncloc="11" classes="0" methods="0" coveredmethods="0" conditionals="0" coveredconditionals="0" statements="0" coveredstatements="0" elements="0" coveredelements="0"/>
    </file>
    <file name="/home/runner/work/shooglypeg-valueobjects/shooglypeg-valueobjects/src/Domain/StringValue.php">
      <class name="ShooglyPeg\Domain\StringValue" namespace="global">
        <metrics complexity="3" methods="3" coveredmethods="3" conditionals="0" coveredconditionals="0" statements="4" coveredstatements="4" elements="7" coveredelements="7"/>
      </class>
      <line num="19" type="method" name="__construct" visibility="public" complexity="1" crap="1" count="6"/>
      <line num="21" type="stmt" count="6"/>
      <line num="22" type="stmt" count="6"/>
      <line num="27" type="method" name="__toString" visibility="public" complexity="1" crap="1" count="6"/>
      <line num="29" type="stmt" count="6"/>
      <line num="35" type="method" name="jsonSerialize" visibility="public" complexity="1" crap="1" count="2"/>
      <line num="37" type="stmt" count="2"/>
      <metrics loc="39" ncloc="27" classes="1" methods="3" coveredmethods="3" conditionals="0" coveredconditionals="0" statements="4" coveredstatements="4" elements="7" coveredelements="7"/>
    </file>
    <file name="/home/runner/work/shooglypeg-valueobjects/shooglypeg-valueobjects/src/Domain/TypedCollection.php">
      <class name="ShooglyPeg\Domain\TypedCollection" namespace="global">
        <metrics complexity="11" methods="9" coveredmethods="9" conditionals="0" coveredconditionals="0" statements="15" coveredstatements="15" elements="24" coveredelements="24"/>
      </class>
      <line num="29" type="method" name="__construct" visibility="public" complexity="3" crap="3" count="3"/>
      <line num="31" type="stmt" count="3"/>
      <line num="32" type="stmt" count="3"/>
      <line num="33" type="stmt" count="1"/>
      <line num="37" type="stmt" count="2"/>
      <line num="38" type="stmt" count="2"/>
      <line num="43" type="method" name="jsonSerialize" visibility="public" complexity="1" crap="1" count="1"/>
      <line num="45" type="stmt" count="1"/>
      <line num="51" type="method" name="getIterator" visibility="public" complexity="1" crap="1" count="1"/>
      <line num="53" type="stmt" count="1"/>
      <line num="59" type="method" name="count" visibility="public" complexity="1" crap="1" count="1"/>
      <line num="61" type="stmt" count="1"/>
      <line num="67" type="method" name="items" visibility="protected" complexity="1" crap="1" count="2"/>
      <line num="69" type="stmt" count="2"/>
      <line num="76" type="method" name="map" visibility="public" complexity="1" crap="1" count="1"/>
      <line num="78" type="stmt" count="1"/>
      <line num="79" type="stmt" count="1"/>
      <line num="80" type="stmt" count="1"/>
      <line num="87" type="method" name="filter" visibility="public" complexity="1" crap="1" count="1"/>
      <line num="89" type="stmt" count="1"/>
      <line num="96" type="method" name="find" visibility="public" complexity="1" crap="1" count="1"/>
      <line num="98" type="stmt" count="1"/>
      <line num="105" type="method" name="reduce" visibility="public" complexity="1" crap="1" count="1"/>
      <line num="107" type="stmt" count="1"/>
      <metrics loc="109" ncloc="72" classes="1" methods="9" coveredmethods="9" conditionals="0" coveredconditionals="0" statements="15" coveredstatements="15" elements="24" coveredelements="24"/>
    </file>
    <metrics files="15" loc="690" ncloc="499" classes="14" methods="49" coveredmethods="49" conditionals="0" coveredconditionals="0" statements="100" coveredstatements="100" elements="149" coveredelements="149"/>
  </project>
</coverage>
